This is pdfTeX, Version 3.1415926-2.4-1.40.13 (MiKTeX 2.9) (preloaded format=pdflatex 2013.8.1)  7 APR 2014 23:13
entering extended mode
**Shan_sikdar_assignment_6.tex

(C:\Users\Shan\Documents\GitHub\grad_school\cs_512\hw6\Shan_sikdar_assignment_6
.tex
LaTeX2e <2011/06/27>
Babel <v3.8m> and hyphenation patterns for english, afrikaans, ancientgreek, ar
abic, armenian, assamese, basque, bengali, bokmal, bulgarian, catalan, coptic, 
croatian, czech, danish, dutch, esperanto, estonian, farsi, finnish, french, ga
lician, german, german-x-2012-05-30, greek, gujarati, hindi, hungarian, iceland
ic, indonesian, interlingua, irish, italian, kannada, kurmanji, latin, latvian,
 lithuanian, malayalam, marathi, mongolian, mongolianlmc, monogreek, ngerman, n
german-x-2012-05-30, nynorsk, oriya, panjabi, pinyin, polish, portuguese, roman
ian, russian, sanskrit, serbian, slovak, slovenian, spanish, swedish, swissgerm
an, tamil, telugu, turkish, turkmen, ukenglish, ukrainian, uppersorbian, usengl
ishmax, welsh, loaded.
("C:\Program Files (x86)\MiKTeX 2.9\tex\latex\base\article.cls"
Document Class: article 2007/10/19 v1.4h Standard LaTeX document class
("C:\Program Files (x86)\MiKTeX 2.9\tex\latex\base\leqno.clo"
File: leqno.clo 1998/08/17 v1.1c Standard LaTeX option (left equation numbers)
)
("C:\Program Files (x86)\MiKTeX 2.9\tex\latex\base\fleqn.clo"
File: fleqn.clo 1998/08/17 v1.1c Standard LaTeX option (flush left equations)
\mathindent=\dimen102
)
("C:\Program Files (x86)\MiKTeX 2.9\tex\latex\base\size11.clo"
File: size11.clo 2007/10/19 v1.4h Standard LaTeX file (size option)
)
\c@part=\count79
\c@section=\count80
\c@subsection=\count81
\c@subsubsection=\count82
\c@paragraph=\count83
\c@subparagraph=\count84
\c@figure=\count85
\c@table=\count86
\abovecaptionskip=\skip41
\belowcaptionskip=\skip42
\bibindent=\dimen103
)
("C:\Program Files (x86)\MiKTeX 2.9\tex\latex\amsfonts\amsfonts.sty"
Package: amsfonts 2013/01/14 v3.01 Basic AMSFonts support
\@emptytoks=\toks14
\symAMSa=\mathgroup4
\symAMSb=\mathgroup5
LaTeX Font Info:    Overwriting math alphabet `\mathfrak' in version `bold'
(Font)                  U/euf/m/n --> U/euf/b/n on input line 106.
)
(C:\Users\Shan\AppData\Roaming\MiKTeX\2.9\tex\latex\preprint\fullpage.sty
Package: fullpage 1999/02/23 1.1 (PWD)
\FP@margin=\skip43
)
("C:\Program Files (x86)\MiKTeX 2.9\tex\latex\tools\enumerate.sty"
Package: enumerate 1999/03/05 v3.00 enumerate extensions (DPC)
\@enLab=\toks15
)
("C:\Program Files (x86)\MiKTeX 2.9\tex\latex\amsmath\amsmath.sty"
Package: amsmath 2013/01/14 v2.14 AMS math features
\@mathmargin=\skip44

For additional information on amsmath, use the `?' option.
("C:\Program Files (x86)\MiKTeX 2.9\tex\latex\amsmath\amstext.sty"
Package: amstext 2000/06/29 v2.01

("C:\Program Files (x86)\MiKTeX 2.9\tex\latex\amsmath\amsgen.sty"
File: amsgen.sty 1999/11/30 v2.0
\@emptytoks=\toks16
\ex@=\dimen104
))
("C:\Program Files (x86)\MiKTeX 2.9\tex\latex\amsmath\amsbsy.sty"
Package: amsbsy 1999/11/29 v1.2d
\pmbraise@=\dimen105
)
("C:\Program Files (x86)\MiKTeX 2.9\tex\latex\amsmath\amsopn.sty"
Package: amsopn 1999/12/14 v2.01 operator names
)
\inf@bad=\count87
LaTeX Info: Redefining \frac on input line 210.
\uproot@=\count88
\leftroot@=\count89
LaTeX Info: Redefining \overline on input line 306.
\classnum@=\count90
\DOTSCASE@=\count91
LaTeX Info: Redefining \ldots on input line 378.
LaTeX Info: Redefining \dots on input line 381.
LaTeX Info: Redefining \cdots on input line 466.
\Mathstrutbox@=\box26
\strutbox@=\box27
\big@size=\dimen106
LaTeX Font Info:    Redeclaring font encoding OML on input line 566.
LaTeX Font Info:    Redeclaring font encoding OMS on input line 567.
\macc@depth=\count92
\c@MaxMatrixCols=\count93
\dotsspace@=\muskip10
\c@parentequation=\count94
\dspbrk@lvl=\count95
\tag@help=\toks17
\row@=\count96
\column@=\count97
\maxfields@=\count98
\andhelp@=\toks18
\eqnshift@=\dimen107
\alignsep@=\dimen108
\tagshift@=\dimen109
\tagwidth@=\dimen110
\totwidth@=\dimen111
\lineht@=\dimen112
\@envbody=\toks19
\multlinegap=\skip45
\multlinetaggap=\skip46
\mathdisplay@stack=\toks20
LaTeX Info: Redefining \[ on input line 2665.
LaTeX Info: Redefining \] on input line 2666.
)
("C:\Program Files (x86)\MiKTeX 2.9\tex\latex\amsfonts\amssymb.sty"
Package: amssymb 2013/01/14 v3.01 AMS font symbols
)
(C:\Users\Shan\AppData\Roaming\MiKTeX\2.9\tex\latex\qtree\qtree.sty
Package: 2008/12/12 v.3.1bQtree: tree-drawing for linguistics
Package: qtree 2008/12/12 v.3.1bQtree: tree-drawing for linguistics
(C:\Users\Shan\AppData\Roaming\MiKTeX\2.9\tex\latex\pict2e\pict2e.sty
Package: pict2e 2014/01/12 v0.2z Improved picture commands (HjG,RN,JT)

("C:\Program Files (x86)\MiKTeX 2.9\tex\latex\00miktex\pict2e.cfg"
File: pict2e.cfg 2005/12/29 v1.0 MiKTeX 'pict2e' configuration
)
Package pict2e Info: Driver file: pdftex.def on input line 119.

("C:\Program Files (x86)\MiKTeX 2.9\tex\latex\pdftex-def\pdftex.def"
File: pdftex.def 2011/05/27 v0.06d Graphics/color for pdfTeX

("C:\Program Files (x86)\MiKTeX 2.9\tex\generic\oberdiek\infwarerr.sty"
Package: infwarerr 2010/04/08 v1.3 Providing info/warning/error messages (HO)
)
("C:\Program Files (x86)\MiKTeX 2.9\tex\generic\oberdiek\ltxcmds.sty"
Package: ltxcmds 2011/11/09 v1.22 LaTeX kernel commands for general use (HO)
)
\Gread@gobject=\count99
)
Package pict2e Info: Driver file for pict2e: p2e-pdftex.def on input line 121.

(C:\Users\Shan\AppData\Roaming\MiKTeX\2.9\tex\latex\pict2e\p2e-pdftex.def
File: p2e-pdftex.def 2011/04/05 v0.1t Driver-dependant file (RN,HjG,JT)
)
("C:\Program Files (x86)\MiKTeX 2.9\tex\latex\graphics\trig.sty"
Package: trig 1999/03/16 v1.09 sin cos tan (DPC)
)
\pIIe@GRAPH=\toks21
\@arclen=\dimen113
\@arcrad=\dimen114
\@tempdimd=\dimen115
)
\c@treecount=\count100
\c@branchcount=\count101
\parentbox=\box28
\treebox=\box29
\treeboxone=\box30
\treeboxtwo=\box31
\treeboxthree=\box32
\treeboxfour=\box33
\treeboxfive=\box34
\treeboxsix=\box35
\treeboxseven=\box36
\treeboxeight=\box37
\treeboxnine=\box38
\treeboxten=\box39
\treeboxeleven=\box40
\treeboxtwelve=\box41
\treeboxthirteen=\box42
\treeboxfourteen=\box43
\treeboxfifteen=\box44
\treeboxsixteen=\box45
\treeboxseventeen=\box46
\treeboxeighteen=\box47
\treeboxnineteen=\box48
\treeboxtwenty=\box49
\treeoffsetone=\skip47
\treeoffsettwo=\skip48
\treeoffsetthree=\skip49
\treeoffsetfour=\skip50
\treeoffsetfive=\skip51
\treeoffsetsix=\skip52
\treeoffsetseven=\skip53
\treeoffseteight=\skip54
\treeoffsetnine=\skip55
\treeoffsetten=\skip56
\treeoffseteleven=\skip57
\treeoffsettwelve=\skip58
\treeoffsetthirteen=\skip59
\treeoffsetfourteen=\skip60
\treeoffsetfifteen=\skip61
\treeoffsetsixteen=\skip62
\treeoffsetseventeen=\skip63
\treeoffseteighteen=\skip64
\treeoffsetnineteen=\skip65
\treeoffsettwenty=\skip66
\treeshiftone=\skip67
\treeshifttwo=\skip68
\treeshiftthree=\skip69
\treeshiftfour=\skip70
\treeshiftfive=\skip71
\treeshiftsix=\skip72
\treeshiftseven=\skip73
\treeshifteight=\skip74
\treeshiftnine=\skip75
\treeshiftten=\skip76
\treeshifteleven=\skip77
\treeshifttwelve=\skip78
\treeshiftthirteen=\skip79
\treeshiftfourteen=\skip80
\treeshiftfifteen=\skip81
\treeshiftsixteen=\skip82
\treeshiftseventeen=\skip83
\treeshifteighteen=\skip84
\treeshiftnineteen=\skip85
\treeshifttwenty=\skip86
\treewidthone=\skip87
\treewidthtwo=\skip88
\treewidththree=\skip89
\treewidthfour=\skip90
\treewidthfive=\skip91
\treewidthsix=\skip92
\treewidthseven=\skip93
\treewidtheight=\skip94
\treewidthnine=\skip95
\treewidthten=\skip96
\treewidtheleven=\skip97
\treewidthtwelve=\skip98
\treewidththirteen=\skip99
\treewidthfourteen=\skip100
\treewidthfifteen=\skip101
\treewidthsixteen=\skip102
\treewidthseventeen=\skip103
\treewidtheighteen=\skip104
\treewidthnineteen=\skip105
\treewidthtwenty=\skip106
\daughteroffsetone=\skip107
\daughteroffsettwo=\skip108
\daughteroffsetthree=\skip109
\daughteroffsetfour=\skip110
\branchwidthone=\skip111
\branchwidthtwo=\skip112
\branchwidththree=\skip113
\branchwidthfour=\skip114
\parentoffset=\skip115
\treeoffset=\skip116
\daughteroffset=\skip117
\branchwidth=\skip118
\parentwidth=\skip119
\treewidth=\skip120
\qta=\toks22
\qtb=\toks23
\nbranches=\count102
\qroofx=\count103
\qroofy=\count104
\@qrscratchbox=\box50
)
(C:\Users\Shan\AppData\Roaming\MiKTeX\2.9\tex\latex\listings\listings.sty
("C:\Program Files (x86)\MiKTeX 2.9\tex\latex\graphics\keyval.sty"
Package: keyval 1999/03/16 v1.13 key=value parser (DPC)
\KV@toks@=\toks24
)
\lst@mode=\count105
\lst@gtempboxa=\box51
\lst@token=\toks25
\lst@length=\count106
\lst@currlwidth=\dimen116
\lst@column=\count107
\lst@pos=\count108
\lst@lostspace=\dimen117
\lst@width=\dimen118
\lst@newlines=\count109
\lst@lineno=\count110
\lst@maxwidth=\dimen119

(C:\Users\Shan\AppData\Roaming\MiKTeX\2.9\tex\latex\listings\lstmisc.sty
File: lstmisc.sty 2014/03/04 1.5c (Carsten Heinz)
\c@lstnumber=\count111
\lst@skipnumbers=\count112
\lst@framebox=\box52
)
(C:\Users\Shan\AppData\Roaming\MiKTeX\2.9\tex\latex\listings\listings.cfg
File: listings.cfg 2014/03/04 1.5c listings configuration
))
Package: listings 2014/03/04 1.5c (Carsten Heinz)

("C:\Program Files (x86)\MiKTeX 2.9\tex\latex\graphics\graphicx.sty"
Package: graphicx 1999/02/16 v1.0f Enhanced LaTeX Graphics (DPC,SPQR)

("C:\Program Files (x86)\MiKTeX 2.9\tex\latex\graphics\graphics.sty"
Package: graphics 2009/02/05 v1.0o Standard LaTeX Graphics (DPC,SPQR)

("C:\Program Files (x86)\MiKTeX 2.9\tex\latex\00miktex\graphics.cfg"
File: graphics.cfg 2007/01/18 v1.5 graphics configuration of teTeX/TeXLive
)
Package graphics Info: Driver file: pdftex.def on input line 91.
)
\Gin@req@height=\dimen120
\Gin@req@width=\dimen121
)
("C:\Program Files (x86)\MiKTeX 2.9\tex\latex\psnfss\times.sty"
Package: times 2005/04/12 PSNFSS-v9.2a (SPQR) 
)
("C:\Program Files (x86)\MiKTeX 2.9\tex\latex\tools\bm.sty"
Package: bm 2004/02/26 v1.1c Bold Symbol Support (DPC/FMi)
\symboldoperators=\mathgroup6
\symboldletters=\mathgroup7
\symboldsymbols=\mathgroup8
LaTeX Font Info:    Redeclaring math alphabet \mathbf on input line 138.
LaTeX Info: Redefining \bm on input line 204.
)
("C:\Program Files (x86)\MiKTeX 2.9\tex\latex\psnfss\helvet.sty"
Package: helvet 2005/04/12 PSNFSS-v9.2a (WaS) 
)
(C:\Users\Shan\Documents\GitHub\grad_school\cs_512\hw6\Shan_sikdar_assignment_6
.aux)
LaTeX Font Info:    Checking defaults for OML/cmm/m/it on input line 47.
LaTeX Font Info:    ... okay on input line 47.
LaTeX Font Info:    Checking defaults for T1/cmr/m/n on input line 47.
LaTeX Font Info:    ... okay on input line 47.
LaTeX Font Info:    Checking defaults for OT1/cmr/m/n on input line 47.
LaTeX Font Info:    ... okay on input line 47.
LaTeX Font Info:    Checking defaults for OMS/cmsy/m/n on input line 47.
LaTeX Font Info:    ... okay on input line 47.
LaTeX Font Info:    Checking defaults for OMX/cmex/m/n on input line 47.
LaTeX Font Info:    ... okay on input line 47.
LaTeX Font Info:    Checking defaults for U/cmr/m/n on input line 47.
LaTeX Font Info:    ... okay on input line 47.
LaTeX Font Info:    Try loading font information for OT1+ptm on input line 47.
 ("C:\Program Files (x86)\MiKTeX 2.9\tex\latex\psnfss\ot1ptm.fd"
File: ot1ptm.fd 2001/06/04 font definitions for OT1/ptm.
)
(C:\Users\Shan\AppData\Roaming\MiKTeX\2.9\tex\context\base\supp-pdf.mkii
[Loading MPS to PDF converter (version 2006.09.02).]
\scratchcounter=\count113
\scratchdimen=\dimen122
\scratchbox=\box53
\nofMPsegments=\count114
\nofMParguments=\count115
\everyMPshowfont=\toks26
\MPscratchCnt=\count116
\MPscratchDim=\dimen123
\MPnumerator=\count117
\makeMPintoPDFobject=\count118
\everyMPtoPDFconversion=\toks27
)
\c@lstlisting=\count119
LaTeX Font Info:    Font shape `OT1/ptm/bx/n' in size <17.28> not available
(Font)              Font shape `OT1/ptm/b/n' tried instead on input line 49.
LaTeX Font Info:    Try loading font information for U+msa on input line 49.
 ("C:\Program Files (x86)\MiKTeX 2.9\tex\latex\amsfonts\umsa.fd"
File: umsa.fd 2013/01/14 v3.01 AMS symbols A
)
LaTeX Font Info:    Try loading font information for U+msb on input line 49.

("C:\Program Files (x86)\MiKTeX 2.9\tex\latex\amsfonts\umsb.fd"
File: umsb.fd 2013/01/14 v3.01 AMS symbols B
)
LaTeX Font Info:    Font shape `OT1/ptm/bx/n' in size <14.4> not available
(Font)              Font shape `OT1/ptm/b/n' tried instead on input line 51.


Package amsfonts Warning: Obsolete command \bold; \mathbf should be used instea
d on input line 57.


Overfull \hbox (1.5403pt too wide) in paragraph at lines 75--77
\OT1/ptm/m/n/10.95 added, re-sult-ing in a for-mula with no free vari-ables. (s
ource wikipedia). 
 []

[1

{C:/Users/Shan/AppData/Local/MiKTeX/2.9/pdftex/config/pdftex.map}] [2]
Underfull \hbox (badness 10000) in paragraph at lines 94--100

 []

[3] [4]
(C:\Users\Shan\Documents\GitHub\grad_school\cs_512\hw6\Shan_sikdar_assignment_6
.aux) ) 
Here is how much of TeX's memory you used:
 3732 strings out of 493921
 50208 string characters out of 3144880
 112395 words of memory out of 3000000
 6970 multiletter control sequences out of 15000+200000
 22037 words of font info for 61 fonts, out of 3000000 for 9000
 841 hyphenation exceptions out of 8191
 27i,6n,32p,539b,221s stack positions out of 5000i,500n,10000p,200000b,50000s
{C:/Program Files (x86)/MiKTeX 2.9/fonts/enc/dvips/fontname/8r.enc}<C:/P
rogram Files (x86)/MiKTeX 2.9/fonts/type1/public/amsfonts/cm/cmbx10.pfb><C:/Pro
gram Files (x86)/MiKTeX 2.9/fonts/type1/public/amsfonts/cm/cmmi10.pfb><C:/Progr
am Files (x86)/MiKTeX 2.9/fonts/type1/public/amsfonts/cm/cmmi8.pfb><C:/Program 
Files (x86)/MiKTeX 2.9/fonts/type1/public/amsfonts/cm/cmr10.pfb><C:/Program Fil
es (x86)/MiKTeX 2.9/fonts/type1/public/amsfonts/cm/cmr8.pfb><C:/Program Files (
x86)/MiKTeX 2.9/fonts/type1/public/amsfonts/cm/cmsy10.pfb><C:/Program Files (x8
6)/MiKTeX 2.9/fonts/type1/public/amsfonts/cm/cmsy8.pfb><C:/Program Files (x86)/
MiKTeX 2.9/fonts/type1/public/amsfonts/symbols/msam10.pfb><C:/Program Files (x8
6)/MiKTeX 2.9/fonts/type1/urw/times/utmb8a.pfb><C:/Program Files (x86)/MiKTeX 2
.9/fonts/type1/urw/times/utmr8a.pfb>
Output written on Shan_sikdar_assignment_6.pdf (4 pages, 110623 bytes).
PDF statistics:
 56 PDF objects out of 1000 (max. 8388607)
 0 named destinations out of 1000 (max. 500000)
 1 words of extra memory for PDF output out of 10000 (max. 10000000)

