Build started 9/22/2014 6:50:31 PM.
     1>Project "C:\Users\monahand\Documents\Assignment2\Assignment2_part2\Assignment2_part2.vcxproj" on node 2 (Build target(s)).
     1>ClCompile:
         C:\Program Files (x86)\Microsoft Visual Studio 11.0\VC\bin\CL.exe /c /I"C:\Program Files (x86)\OpenCV\opencv\build\include" /ZI /nologo /W3 /WX- /sdl /Od /Oy- /D WIN32 /D _DEBUG /D _CONSOLE /D _UNICODE /D UNICODE /Gm /EHsc /RTC1 /MDd /GS /fp:precise /Zc:wchar_t /Zc:forScope /Yu"stdafx.h" /Fp"Debug\Assignment2_part2.pch" /Fo"Debug\\" /Fd"Debug\vc110.pdb" /Gd /TP /analyze- /errorReport:prompt Assignment2_part2.cpp
         Assignment2_part2.cpp
     1>c:\users\monahand\documents\assignment2\assignment2_part2\assignment2_part2.cpp(218): warning C4018: '<' : signed/unsigned mismatch
     1>c:\users\monahand\documents\assignment2\assignment2_part2\assignment2_part2.cpp(223): warning C4244: '=' : conversion from 'double' to 'int', possible loss of data
     1>c:\users\monahand\documents\assignment2\assignment2_part2\assignment2_part2.cpp(340): warning C4018: '<' : signed/unsigned mismatch
     1>c:\users\monahand\documents\assignment2\assignment2_part2\assignment2_part2.cpp(345): warning C4244: '=' : conversion from 'double' to 'int', possible loss of data
     1>c:\users\monahand\documents\assignment2\assignment2_part2\assignment2_part2.cpp(396): warning C4018: '<' : signed/unsigned mismatch
     1>c:\users\monahand\documents\assignment2\assignment2_part2\assignment2_part2.cpp(401): warning C4244: '=' : conversion from 'double' to 'int', possible loss of data
     1>c:\users\monahand\documents\assignment2\assignment2_part2\assignment2_part2.cpp(429): warning C4018: '<' : signed/unsigned mismatch
     1>c:\users\monahand\documents\assignment2\assignment2_part2\assignment2_part2.cpp(432): warning C4018: '<' : signed/unsigned mismatch
     1>c:\users\monahand\documents\assignment2\assignment2_part2\assignment2_part2.cpp(443): warning C4018: '<' : signed/unsigned mismatch
     1>c:\users\monahand\documents\assignment2\assignment2_part2\assignment2_part2.cpp(446): warning C4018: '<' : signed/unsigned mismatch
       Link:
         C:\Program Files (x86)\Microsoft Visual Studio 11.0\VC\bin\link.exe /ERRORREPORT:PROMPT /OUT:"C:\Users\monahand\Documents\Assignment2\Debug\Assignment2_part2.exe" /INCREMENTAL /NOLOGO /LIBPATH:"C:\Program Files (x86)\OpenCV\opencv\build\x86\vc11\lib\\" /LIBPATH:C:\Windows\System32\winmm.dll opencv_calib3d249d.lib opencv_contrib249d.lib opencv_core249d.lib opencv_features2d249d.lib opencv_flann249d.lib opencv_gpu249d.lib opencv_highgui249d.lib opencv_imgproc249d.lib opencv_legacy249d.lib opencv_ml249d.lib opencv_nonfree249d.lib opencv_objdetect249d.lib opencv_photo249d.lib opencv_stitching249d.lib opencv_superres249d.lib opencv_ts249d.lib opencv_video249d.lib opencv_videostab249d.lib kernel32.lib user32.lib gdi32.lib winspool.lib comdlg32.lib advapi32.lib shell32.lib ole32.lib oleaut32.lib uuid.lib odbc32.lib odbccp32.lib /MANIFEST /MANIFESTUAC:"level='asInvoker' uiAccess='false'" /manifest:embed /DEBUG /PDB:"C:\Users\monahand\Documents\Assignment2\Debug\Assignment2_part2.pdb" /SUBSYSTEM:CONSOLE /TLBID:1 /DYNAMICBASE /NXCOMPAT /IMPLIB:"C:\Users\monahand\Documents\Assignment2\Debug\Assignment2_part2.lib" /MACHINE:X86 Debug\Assignment2_part2.obj
         Debug\stdafx.obj
         Assignment2_part2.vcxproj -> C:\Users\monahand\Documents\Assignment2\Debug\Assignment2_part2.exe
     1>Done Building Project "C:\Users\monahand\Documents\Assignment2\Assignment2_part2\Assignment2_part2.vcxproj" (Build target(s)).

Build succeeded.

Time Elapsed 00:00:02.19
