C:\USERS\SSIKDAR1\DOWNLOADS\ASSIGNMENT2-2014-09-21\ASSIGNMENT2\ASSIGNMENT2_PART2\DEBUG\ASSIGNMENT2_PART2.PCH
C:\USERS\SSIKDAR1\DOWNLOADS\ASSIGNMENT2-2014-09-21\ASSIGNMENT2\ASSIGNMENT2_PART2\DEBUG\STDAFX.OBJ
C:\USERS\SSIKDAR1\DOWNLOADS\ASSIGNMENT2-2014-09-21\ASSIGNMENT2\ASSIGNMENT2_PART2\DEBUG\VC110.PDB
C:\USERS\SSIKDAR1\DOWNLOADS\ASSIGNMENT2-2014-09-21\ASSIGNMENT2\ASSIGNMENT2_PART2\DEBUG\ASSIGNMENT2_PART2.OBJ
C:\Users\ssikdar1\Downloads\Assignment2-2014-09-21\Assignment2\Assignment2_part2\Debug\Assignment2_part2.obj
C:\Users\ssikdar1\Downloads\Assignment2-2014-09-21\Assignment2\Assignment2_part2\Debug\stdafx.obj
C:\Users\ssikdar1\Downloads\Assignment2-2014-09-21\Assignment2\Assignment2_part2\Debug\cl.command.1.tlog
C:\Users\ssikdar1\Downloads\Assignment2-2014-09-21\Assignment2\Assignment2_part2\Debug\CL.read.1.tlog
C:\Users\ssikdar1\Downloads\Assignment2-2014-09-21\Assignment2\Assignment2_part2\Debug\CL.write.1.tlog
C:\Users\ssikdar1\Downloads\Assignment2-2014-09-21\Assignment2\Assignment2_part2\Debug\link-cvtres.read.1.tlog
C:\Users\ssikdar1\Downloads\Assignment2-2014-09-21\Assignment2\Assignment2_part2\Debug\link-cvtres.write.1.tlog
C:\Users\ssikdar1\Downloads\Assignment2-2014-09-21\Assignment2\Assignment2_part2\Debug\link-rc.read.1.tlog
C:\Users\ssikdar1\Downloads\Assignment2-2014-09-21\Assignment2\Assignment2_part2\Debug\link-rc.write.1.tlog
C:\Users\ssikdar1\Downloads\Assignment2-2014-09-21\Assignment2\Assignment2_part2\Debug\link.command.1.tlog
C:\Users\ssikdar1\Downloads\Assignment2-2014-09-21\Assignment2\Assignment2_part2\Debug\link.read.1.tlog
C:\Users\ssikdar1\Downloads\Assignment2-2014-09-21\Assignment2\Assignment2_part2\Debug\link.write.1.tlog
C:\Users\ssikdar1\Downloads\Assignment2-2014-09-21\Assignment2\Assignment2_part2\Debug\Assignment2_part2.pch
C:\Users\ssikdar1\Downloads\Assignment2-2014-09-21\Assignment2\Assignment2_part2\Debug\vc110.idb
C:\Users\ssikdar1\Downloads\Assignment2-2014-09-21\Assignment2\Assignment2_part2\Debug\vc110.pdb
C:\Users\ssikdar1\Downloads\Assignment2-2014-09-21\Assignment2\Debug\Assignment2_part2.pdb
