C:\USERS\SSIKDAR1\DOWNLOADS\ASSIGNMENT2-2014-09-21\ASSIGNMENT2\ASSIGNMENT2_PART1\DEBUG\ASSIGNMENT2_PART1.PCH
C:\USERS\SSIKDAR1\DOWNLOADS\ASSIGNMENT2-2014-09-21\ASSIGNMENT2\ASSIGNMENT2_PART1\DEBUG\STDAFX.OBJ
C:\USERS\SSIKDAR1\DOWNLOADS\ASSIGNMENT2-2014-09-21\ASSIGNMENT2\ASSIGNMENT2_PART1\DEBUG\VC110.PDB
C:\USERS\SSIKDAR1\DOWNLOADS\ASSIGNMENT2-2014-09-21\ASSIGNMENT2\ASSIGNMENT2_PART1\DEBUG\ASSIGNMENT2_PART1.OBJ
C:\USERS\SSIKDAR1\DOWNLOADS\ASSIGNMENT2-2014-09-21\ASSIGNMENT2\DEBUG\ASSIGNMENT2_PART1.ILK
C:\USERS\SSIKDAR1\DOWNLOADS\ASSIGNMENT2-2014-09-21\ASSIGNMENT2\DEBUG\ASSIGNMENT2_PART1.EXE
C:\USERS\SSIKDAR1\DOWNLOADS\ASSIGNMENT2-2014-09-21\ASSIGNMENT2\DEBUG\ASSIGNMENT2_PART1.PDB
C:\Users\ssikdar1\Downloads\Assignment2-2014-09-21\Assignment2\Assignment2_part1\Debug\Assignment2_part1.obj
C:\Users\ssikdar1\Downloads\Assignment2-2014-09-21\Assignment2\Assignment2_part1\Debug\stdafx.obj
C:\Users\ssikdar1\Downloads\Assignment2-2014-09-21\Assignment2\Assignment2_part1\Debug\cl.command.1.tlog
C:\Users\ssikdar1\Downloads\Assignment2-2014-09-21\Assignment2\Assignment2_part1\Debug\CL.read.1.tlog
C:\Users\ssikdar1\Downloads\Assignment2-2014-09-21\Assignment2\Assignment2_part1\Debug\CL.write.1.tlog
C:\Users\ssikdar1\Downloads\Assignment2-2014-09-21\Assignment2\Assignment2_part1\Debug\link-cvtres.read.1.tlog
C:\Users\ssikdar1\Downloads\Assignment2-2014-09-21\Assignment2\Assignment2_part1\Debug\link-cvtres.write.1.tlog
C:\Users\ssikdar1\Downloads\Assignment2-2014-09-21\Assignment2\Assignment2_part1\Debug\link-rc.read.1.tlog
C:\Users\ssikdar1\Downloads\Assignment2-2014-09-21\Assignment2\Assignment2_part1\Debug\link-rc.write.1.tlog
C:\Users\ssikdar1\Downloads\Assignment2-2014-09-21\Assignment2\Assignment2_part1\Debug\link.command.1.tlog
C:\Users\ssikdar1\Downloads\Assignment2-2014-09-21\Assignment2\Assignment2_part1\Debug\link.read.1.tlog
C:\Users\ssikdar1\Downloads\Assignment2-2014-09-21\Assignment2\Assignment2_part1\Debug\link.write.1.tlog
C:\Users\ssikdar1\Downloads\Assignment2-2014-09-21\Assignment2\Assignment2_part1\Debug\Assignment2_part1.pch
C:\Users\ssikdar1\Downloads\Assignment2-2014-09-21\Assignment2\Assignment2_part1\Debug\vc110.idb
C:\Users\ssikdar1\Downloads\Assignment2-2014-09-21\Assignment2\Assignment2_part1\Debug\vc110.pdb
C:\Users\ssikdar1\Downloads\Assignment2-2014-09-21\Assignment2\Debug\Assignment2_part1.pdb
C:\Users\ssikdar1\Downloads\Assignment2-2014-09-21\Assignment2\Debug\Assignment2_part1.exe
C:\Users\ssikdar1\Downloads\Assignment2-2014-09-21\Assignment2\Debug\Assignment2_part1.ilk
